<?xml version="1.0" encoding="UTF-8"?>
<testng-results skipped="2" failed="0" total="2" passed="0">
  <reporter-output>
  </reporter-output>
  <suite name="Default suite" duration-ms="133" started-at="2019-03-16T10:46:04Z" finished-at="2019-03-16T10:46:04Z">
    <groups>
    </groups>
    <test name="Default test" duration-ms="133" started-at="2019-03-16T10:46:04Z" finished-at="2019-03-16T10:46:04Z">
      <class name="com.qa.test.DemoTest1">
        <test-method status="FAIL" signature="before()[pri:0, instance:com.qa.test.DemoTest1@4439f31e]" name="before" is-config="true" duration-ms="0" started-at="2019-03-16T16:16:04Z" finished-at="2019-03-16T16:16:04Z">
          <exception class="java.lang.IllegalStateException">
            <message>
              <![CDATA[The path to the driver executable must be set by the webdriver.chrome.driver system property; for more information, see https://github.com/SeleniumHQ/selenium/wiki/ChromeDriver. The latest version can be downloaded from http://chromedriver.storage.googleapis.com/index.html]]>
            </message>
            <full-stacktrace>
              <![CDATA[java.lang.IllegalStateException: The path to the driver executable must be set by the webdriver.chrome.driver system property; for more information, see https://github.com/SeleniumHQ/selenium/wiki/ChromeDriver. The latest version can be downloaded from http://chromedriver.storage.googleapis.com/index.html
	at com.google.common.base.Preconditions.checkState(Preconditions.java:847)
	at org.openqa.selenium.remote.service.DriverService.findExecutable(DriverService.java:134)
	at org.openqa.selenium.chrome.ChromeDriverService.access$000(ChromeDriverService.java:35)
	at org.openqa.selenium.chrome.ChromeDriverService$Builder.findDefaultExecutable(ChromeDriverService.java:159)
	at org.openqa.selenium.remote.service.DriverService$Builder.build(DriverService.java:355)
	at org.openqa.selenium.chrome.ChromeDriverService.createDefaultService(ChromeDriverService.java:94)
	at org.openqa.selenium.chrome.ChromeDriver.<init>(ChromeDriver.java:123)
	at com.qa.test.DemoTest1.before(DemoTest1.java:25)
	at sun.reflect.NativeMethodAccessorImpl.invoke0(Native Method)
	at sun.reflect.NativeMethodAccessorImpl.invoke(NativeMethodAccessorImpl.java:62)
	at sun.reflect.DelegatingMethodAccessorImpl.invoke(DelegatingMethodAccessorImpl.java:43)
	at java.lang.reflect.Method.invoke(Method.java:497)
	at org.testng.internal.MethodInvocationHelper.invokeMethod(MethodInvocationHelper.java:80)
	at org.testng.internal.Invoker.invokeConfigurationMethod(Invoker.java:564)
	at org.testng.internal.Invoker.invokeConfigurations(Invoker.java:213)
	at org.testng.internal.Invoker.invokeConfigurations(Invoker.java:138)
	at org.testng.TestRunner.beforeRun(TestRunner.java:641)
	at org.testng.TestRunner.run(TestRunner.java:609)
	at org.testng.SuiteRunner.runTest(SuiteRunner.java:334)
	at org.testng.SuiteRunner.runSequentially(SuiteRunner.java:329)
	at org.testng.SuiteRunner.privateRun(SuiteRunner.java:291)
	at org.testng.SuiteRunner.run(SuiteRunner.java:240)
	at org.testng.SuiteRunnerWorker.runSuite(SuiteRunnerWorker.java:52)
	at org.testng.SuiteRunnerWorker.run(SuiteRunnerWorker.java:86)
	at org.testng.TestNG.runSuitesSequentially(TestNG.java:1198)
	at org.testng.TestNG.runSuitesLocally(TestNG.java:1123)
	at org.testng.TestNG.run(TestNG.java:1031)
	at org.testng.remote.AbstractRemoteTestNG.run(AbstractRemoteTestNG.java:115)
	at org.testng.remote.RemoteTestNG.initAndRun(RemoteTestNG.java:251)
	at org.testng.remote.RemoteTestNG.main(RemoteTestNG.java:77)
]]>
            </full-stacktrace>
          </exception> <!-- java.lang.IllegalStateException -->
          <reporter-output>
          </reporter-output>
        </test-method> <!-- before -->
        <test-method status="SKIP" signature="VeidateIntegers()[pri:0, instance:com.qa.test.DemoTest1@4439f31e]" name="VeidateIntegers" duration-ms="2" started-at="2019-03-16T16:16:04Z" finished-at="2019-03-16T16:16:04Z">
          <reporter-output>
          </reporter-output>
        </test-method> <!-- VeidateIntegers -->
        <test-method status="SKIP" signature="test6()[pri:0, instance:com.qa.test.DemoTest1@4439f31e]" name="test6" duration-ms="2" started-at="2019-03-16T16:16:04Z" finished-at="2019-03-16T16:16:04Z">
          <reporter-output>
          </reporter-output>
        </test-method> <!-- test6 -->
      </class> <!-- com.qa.test.DemoTest1 -->
    </test> <!-- Default test -->
  </suite> <!-- Default suite -->
</testng-results>
